<?xml version="1.0" encoding="UTF-8"?>
<robot generator="Robot 3.2.2 (Python 3.9.1 on win32)" generated="20210227 21:53:35.748" rpa="false">
<suite id="s1" name="Tarit" source="C:\Users\User\Desktop\Local Repository\robotframework\tarit.robot">
<test id="s1-t1" name="Go To homepage">
<kw name="Open Browser" library="SeleniumLibrary">
<doc>Opens a new browser instance to the optional ``url``.</doc>
<arguments>
<arg>${HOMEPAGE}</arg>
<arg>${BROWSER}</arg>
</arguments>
<msg timestamp="20210227 21:53:35.955" level="INFO">Opening browser 'firefox' to base url 'http://www.y8.com'.</msg>
<msg timestamp="20210227 21:53:35.962" level="INFO">Firefox driver log is always forced to to: C:\Users\User\Desktop\Local Repository\robotframework\geckodriver-1.log</msg>
<status status="PASS" starttime="20210227 21:53:35.954" endtime="20210227 21:53:50.453"></status>
</kw>
<status status="PASS" starttime="20210227 21:53:35.954" endtime="20210227 21:53:50.454" critical="yes"></status>
</test>
<status status="PASS" starttime="20210227 21:53:35.750" endtime="20210227 21:53:50.456"></status>
</suite>
<statistics>
<total>
<stat pass="1" fail="0">Critical Tests</stat>
<stat pass="1" fail="0">All Tests</stat>
</total>
<tag>
</tag>
<suite>
<stat pass="1" fail="0" id="s1" name="Tarit">Tarit</stat>
</suite>
</statistics>
<errors>
</errors>
</robot>
